INFO:     Started server process [14204]
INFO:     Waiting for application startup.
INFO:     Application startup complete.
INFO:     Uvicorn running on http://0.0.0.0:8000 (Press CTRL+C to quit)
[DB] WARNING: Could not connect - No replica set members found yet, Timeout: 15.0s, Topology Description: <TopologyDescription id: 69fc7f86620b887f4352c5b4, topology_type: ReplicaSetNoPrimary, servers: [<ServerDescription ('ac-8u7rlni-shard-00-00.bxqpxpn.mongodb.net', 27017) server_type: Unknown, rtt: None>, <ServerDescription ('ac-8u7rlni-shard-00-01.bxqpxpn.mongodb.net', 27017) server_type: Unknown, rtt: None>, <ServerDescription ('ac-8u7rlni-shard-00-02.bxqpxpn.mongodb.net', 27017) server_type: Unknown, rtt: None>]>
[DB] ACTION REQUIRED: Add your IP to MongoDB Atlas -> Network Access -> Allow from Anywhere
[FCM] Firebase Admin SDK initialized
INFO:     127.0.0.1:54745 - "GET /health HTTP/1.1" 200 OK
INFO:     127.0.0.1:56115 - "GET /auth/google/callback HTTP/1.1" 500 Internal Server Error
ERROR:    Exception in ASGI application
Traceback (most recent call last):
  File "C:\Users\Sandipani\AppData\Local\Programs\Python\Python311\Lib\site-packages\uvicorn\protocols\http\httptools_impl.py", line 409, in run_asgi
    result = await app(  # type: ignore[func-returns-value]
             ^^^^^^^^^^^^^^^^^^^^^^^^^^^^^^^^^^^^^^^^^^^^^^
  File "C:\Users\Sandipani\AppData\Local\Programs\Python\Python311\Lib\site-packages\uvicorn\middleware\proxy_headers.py", line 60, in __call__
    return await self.app(scope, receive, send)
           ^^^^^^^^^^^^^^^^^^^^^^^^^^^^^^^^^^^^
  File "C:\Users\Sandipani\AppData\Local\Programs\Python\Python311\Lib\site-packages\fastapi\applications.py", line 1054, in __call__
    await super().__call__(scope, receive, send)
  File "C:\Users\Sandipani\AppData\Local\Programs\Python\Python311\Lib\site-packages\starlette\applications.py", line 113, in __call__
    await self.middleware_stack(scope, receive, send)
  File "C:\Users\Sandipani\AppData\Local\Programs\Python\Python311\Lib\site-packages\starlette\middleware\errors.py", line 187, in __call__
    raise exc
  File "C:\Users\Sandipani\AppData\Local\Programs\Python\Python311\Lib\site-packages\starlette\middleware\errors.py", line 165, in __call__
    await self.app(scope, receive, _send)
  File "C:\Users\Sandipani\AppData\Local\Programs\Python\Python311\Lib\site-packages\starlette\middleware\cors.py", line 85, in __call__
    await self.app(scope, receive, send)
  File "C:\Users\Sandipani\AppData\Local\Programs\Python\Python311\Lib\site-packages\starlette\middleware\exceptions.py", line 62, in __call__
    await wrap_app_handling_exceptions(self.app, conn)(scope, receive, send)
  File "C:\Users\Sandipani\AppData\Local\Programs\Python\Python311\Lib\site-packages\starlette\_exception_handler.py", line 53, in wrapped_app
    raise exc
  File "C:\Users\Sandipani\AppData\Local\Programs\Python\Python311\Lib\site-packages\starlette\_exception_handler.py", line 42, in wrapped_app
    await app(scope, receive, sender)
  File "C:\Users\Sandipani\AppData\Local\Programs\Python\Python311\Lib\site-packages\starlette\routing.py", line 715, in __call__
    await self.middleware_stack(scope, receive, send)
  File "C:\Users\Sandipani\AppData\Local\Programs\Python\Python311\Lib\site-packages\starlette\routing.py", line 735, in app
    await route.handle(scope, receive, send)
  File "C:\Users\Sandipani\AppData\Local\Programs\Python\Python311\Lib\site-packages\starlette\routing.py", line 288, in handle
    await self.app(scope, receive, send)
  File "C:\Users\Sandipani\AppData\Local\Programs\Python\Python311\Lib\site-packages\starlette\routing.py", line 76, in app
    await wrap_app_handling_exceptions(app, request)(scope, receive, send)
  File "C:\Users\Sandipani\AppData\Local\Programs\Python\Python311\Lib\site-packages\starlette\_exception_handler.py", line 53, in wrapped_app
    raise exc
  File "C:\Users\Sandipani\AppData\Local\Programs\Python\Python311\Lib\site-packages\starlette\_exception_handler.py", line 42, in wrapped_app
    await app(scope, receive, sender)
  File "C:\Users\Sandipani\AppData\Local\Programs\Python\Python311\Lib\site-packages\starlette\routing.py", line 73, in app
    response = await f(request)
               ^^^^^^^^^^^^^^^^
  File "C:\Users\Sandipani\AppData\Local\Programs\Python\Python311\Lib\site-packages\fastapi\routing.py", line 301, in app
    raw_response = await run_endpoint_function(
                   ^^^^^^^^^^^^^^^^^^^^^^^^^^^^
  File "C:\Users\Sandipani\AppData\Local\Programs\Python\Python311\Lib\site-packages\fastapi\routing.py", line 212, in run_endpoint_function
    return await dependant.call(**values)
           ^^^^^^^^^^^^^^^^^^^^^^^^^^^^^^
  File "D:\trandia\backend\app\routes\auth.py", line 60, in google_callback
    _signer.loads(state, max_age=300)
  File "C:\Users\Sandipani\AppData\Local\Programs\Python\Python311\Lib\site-packages\itsdangerous\timed.py", line 204, in loads
    base64d, timestamp = signer.unsign(
                         ^^^^^^^^^^^^^^
  File "C:\Users\Sandipani\AppData\Local\Programs\Python\Python311\Lib\site-packages\itsdangerous\timed.py", line 89, in unsign
    result = super().unsign(signed_value)
             ^^^^^^^^^^^^^^^^^^^^^^^^^^^^
  File "C:\Users\Sandipani\AppData\Local\Programs\Python\Python311\Lib\site-packages\itsdangerous\signer.py", line 248, in unsign
    if self.sep not in signed_value:
       ^^^^^^^^^^^^^^^^^^^^^^^^^^^^
TypeError: argument of type 'NoneType' is not iterable
INFO:     127.0.0.1:55479 - "GET /favicon.ico HTTP/1.1" 404 Not Found
